[    0.000000] Initializing cgroup subsys cpuset
[    0.000000] Initializing cgroup subsys cpu
[    0.000000] Initializing cgroup subsys cpuacct
[    0.000000] Linux version 4.4.0-174-generic (buildd@lcy01-amd64-027) (gcc version 5.4.0 20160609 (Ubuntu 5.4.0-6ubuntu1~16.04.12) ) #204-Ubuntu SMP Wed Jan 29 06:41:01 UTC 2020 (Ubuntu 4.4.0-174.204-generic 4.4.211)
[    0.000000] Command line: BOOT_IMAGE=/boot/vmlinuz-4.4.0-174-generic root=LABEL=cloudimg-rootfs ro console=tty1 console=ttyS0
[    0.000000] KERNEL supported cpus:
[    0.000000]   Intel GenuineIntel
[    0.000000]   AMD AuthenticAMD
[    0.000000]   Centaur CentaurHauls
[    0.000000] x86/fpu: xstate_offset[2]:  576, xstate_sizes[2]:  256
[    0.000000] x86/fpu: Supporting XSAVE feature 0x01: 'x87 floating point registers'
[    0.000000] x86/fpu: Supporting XSAVE feature 0x02: 'SSE registers'
[    0.000000] x86/fpu: Supporting XSAVE feature 0x04: 'AVX registers'
[    0.000000] x86/fpu: Enabled xstate features 0x7, context size is 832 bytes, using 'standard' format.
[    0.000000] e820: BIOS-provided physical RAM map:
[    0.000000] BIOS-e820: [mem 0x0000000000000000-0x000000000009fbff] usable
[    0.000000] BIOS-e820: [mem 0x000000000009fc00-0x000000000009ffff] reserved
[    0.000000] BIOS-e820: [mem 0x00000000000f0000-0x00000000000fffff] reserved
[    0.000000] BIOS-e820: [mem 0x0000000000100000-0x000000003ffeffff] usable
[    0.000000] BIOS-e820: [mem 0x000000003fff0000-0x000000003fffffff] ACPI data
[    0.000000] BIOS-e820: [mem 0x00000000fec00000-0x00000000fec00fff] reserved
[    0.000000] BIOS-e820: [mem 0x00000000fee00000-0x00000000fee00fff] reserved
[    0.000000] BIOS-e820: [mem 0x00000000fffc0000-0x00000000ffffffff] reserved
[    0.000000] NX (Execute Disable) protection: active
[    0.000000] SMBIOS 2.5 present.
[    0.000000] Hypervisor detected: KVM
[    0.000000] Kernel/User page tables isolation: disabled
[    0.000000] e820: last_pfn = 0x3fff0 max_arch_pfn = 0x400000000
[    0.000000] MTRR: Disabled
[    0.000000] x86/PAT: MTRRs disabled, skipping PAT initialization too.
[    0.000000] CPU MTRRs all blank - virtualized system.
[    0.000000] x86/PAT: Configuration [0-7]: WB  WT  UC- UC  WB  WT  UC- UC  
[    0.000000] found SMP MP-table at [mem 0x0009fff0-0x0009ffff] mapped at [ffff88000009fff0]
[    0.000000] Scanning 1 areas for low memory corruption
[    0.000000] RAMDISK: [mem 0x362e0000-0x37167fff]
[    0.000000] ACPI: Early table checksum verification disabled
[    0.000000] ACPI: RSDP 0x00000000000E0000 000024 (v02 VBOX  )
[    0.000000] ACPI: XSDT 0x000000003FFF0030 00003C (v01 VBOX   VBOXXSDT 00000001 ASL  00000061)
[    0.000000] ACPI: FACP 0x000000003FFF00F0 0000F4 (v04 VBOX   VBOXFACP 00000001 ASL  00000061)
[    0.000000] ACPI: DSDT 0x000000003FFF0470 002325 (v02 VBOX   VBOXBIOS 00000002 INTL 20100528)
[    0.000000] ACPI: FACS 0x000000003FFF0200 000040
[    0.000000] ACPI: FACS 0x000000003FFF0200 000040
[    0.000000] ACPI: APIC 0x000000003FFF0240 00005C (v02 VBOX   VBOXAPIC 00000001 ASL  00000061)
[    0.000000] ACPI: SSDT 0x000000003FFF02A0 0001CC (v01 VBOX   VBOXCPUT 00000002 INTL 20100528)
[    0.000000] No NUMA configuration found
[    0.000000] Faking a node at [mem 0x0000000000000000-0x000000003ffeffff]
[    0.000000] NODE_DATA(0) allocated [mem 0x3ffeb000-0x3ffeffff]
[    0.000000] kvm-clock: Using msrs 4b564d01 and 4b564d00
[    0.000000] kvm-clock: cpu 0, msr 0:3ffe3001, primary cpu clock
[    0.000000] kvm-clock: using sched offset of 3345222874 cycles
[    0.000000] clocksource: kvm-clock: mask: 0xffffffffffffffff max_cycles: 0x1cd42e4dffb, max_idle_ns: 881590591483 ns
[    0.000000] Zone ranges:
[    0.000000]   DMA      [mem 0x0000000000001000-0x0000000000ffffff]
[    0.000000]   DMA32    [mem 0x0000000001000000-0x000000003ffeffff]
[    0.000000]   Normal   empty
[    0.000000]   Device   empty
[    0.000000] Movable zone start for each node
[    0.000000] Early memory node ranges
[    0.000000]   node   0: [mem 0x0000000000001000-0x000000000009efff]
[    0.000000]   node   0: [mem 0x0000000000100000-0x000000003ffeffff]
[    0.000000] Initmem setup node 0 [mem 0x0000000000001000-0x000000003ffeffff]
[    0.000000] ACPI: PM-Timer IO Port: 0x4008
[    0.000000] IOAPIC[0]: apic_id 2, version 32, address 0xfec00000, GSI 0-23
[    0.000000] ACPI: INT_SRC_OVR (bus 0 bus_irq 0 global_irq 2 dfl dfl)
[    0.000000] ACPI: INT_SRC_OVR (bus 0 bus_irq 9 global_irq 9 low level)
[    0.000000] Using ACPI (MADT) for SMP configuration information
[    0.000000] smpboot: Allowing 2 CPUs, 0 hotplug CPUs
[    0.000000] PM: Registered nosave memory: [mem 0x00000000-0x00000fff]
[    0.000000] PM: Registered nosave memory: [mem 0x0009f000-0x0009ffff]
[    0.000000] PM: Registered nosave memory: [mem 0x000a0000-0x000effff]
[    0.000000] PM: Registered nosave memory: [mem 0x000f0000-0x000fffff]
[    0.000000] e820: [mem 0x40000000-0xfebfffff] available for PCI devices
[    0.000000] Booting paravirtualized kernel on KVM
[    0.000000] clocksource: refined-jiffies: mask: 0xffffffff max_cycles: 0xffffffff, max_idle_ns: 7645519600211568 ns
[    0.000000] setup_percpu: NR_CPUS:512 nr_cpumask_bits:512 nr_cpu_ids:2 nr_node_ids:1
[    0.000000] PERCPU: Embedded 33 pages/cpu @ffff88003fc00000 s95448 r8192 d31528 u1048576
[    0.000000] Built 1 zonelists in Node order, mobility grouping on.  Total pages: 257912
[    0.000000] Policy zone: DMA32
[    0.000000] Kernel command line: BOOT_IMAGE=/boot/vmlinuz-4.4.0-174-generic root=LABEL=cloudimg-rootfs ro console=tty1 console=ttyS0
[    0.000000] PID hash table entries: 4096 (order: 3, 32768 bytes)
[    0.000000] Memory: 997672K/1048120K available (8626K kernel code, 1336K rwdata, 4032K rodata, 1488K init, 1292K bss, 50448K reserved, 0K cma-reserved)
[    0.000000] SLUB: HWalign=64, Order=0-3, MinObjects=0, CPUs=2, Nodes=1
[    0.000000] Hierarchical RCU implementation.
[    0.000000] 	Build-time adjustment of leaf fanout to 64.
[    0.000000] 	RCU restricting CPUs from NR_CPUS=512 to nr_cpu_ids=2.
[    0.000000] RCU: Adjusting geometry for rcu_fanout_leaf=64, nr_cpu_ids=2
[    0.000000] NR_IRQS:33024 nr_irqs:440 16
[    0.000000] Console: colour VGA+ 80x25
[    0.000000] console [tty1] enabled
[    0.000000] console [ttyS0] enabled
[    0.000000] tsc: Detected 1991.998 MHz processor
[    0.142307] Calibrating delay loop (skipped) preset value.. 3983.99 BogoMIPS (lpj=7967992)
[    0.143933] pid_max: default: 32768 minimum: 301
[    0.144845] ACPI: Core revision 20150930
[    0.147440] ACPI: 2 ACPI AML tables successfully acquired and loaded
[    0.148737] Security Framework initialized
[    0.149568] Yama: becoming mindful.
[    0.150354] AppArmor: AppArmor initialized
[    0.151251] Dentry cache hash table entries: 131072 (order: 8, 1048576 bytes)
[    0.152631] Inode-cache hash table entries: 65536 (order: 7, 524288 bytes)
[    0.156127] Mount-cache hash table entries: 2048 (order: 2, 16384 bytes)
[    0.157311] Mountpoint-cache hash table entries: 2048 (order: 2, 16384 bytes)
[    0.158728] Initializing cgroup subsys io
[    0.159535] Initializing cgroup subsys memory
[    0.160424] Initializing cgroup subsys devices
[    0.161303] Initializing cgroup subsys freezer
[    0.162208] Initializing cgroup subsys net_cls
[    0.163102] Initializing cgroup subsys perf_event
[    0.164020] Initializing cgroup subsys net_prio
[    0.164925] Initializing cgroup subsys hugetlb
[    0.165909] Initializing cgroup subsys pids
[    0.168407] mce: CPU supports 0 MCE banks
[    0.169432] Last level iTLB entries: 4KB 64, 2MB 8, 4MB 8
[    0.170735] Last level dTLB entries: 4KB 64, 2MB 0, 4MB 0, 1GB 4
[    0.171938] Spectre V1 : Mitigation: usercopy/swapgs barriers and __user pointer sanitization
[    0.173549] Spectre V2 : Mitigation: Full generic retpoline
[    0.174592] Spectre V2 : Spectre v2 / SpectreRSB mitigation: Filling RSB on context switch
[    0.176269] Speculative Store Bypass: Vulnerable
[    0.177181] MDS: Mitigation: Clear CPU buffers
[    0.180434] Freeing SMP alternatives memory: 36K
[    0.186608] ftrace: allocating 32305 entries in 127 pages
[    0.243514] smpboot: APIC(0) Converting physical 0 to logical package 0
[    0.244801] smpboot: Max logical packages: 1
[    0.246026] x2apic enabled
[    0.246930] Switched APIC routing to physical x2apic.
[    0.249212] ..TIMER: vector=0x30 apic1=0 pin1=2 apic2=-1 pin2=-1
[    0.358631] smpboot: CPU0: Intel(R) Core(TM) i7-8565U CPU @ 1.80GHz (family: 0x6, model: 0x8e, stepping: 0xb)
[    0.360900] Performance Events: unsupported p6 CPU model 142 no PMU driver, software events only.
[    0.370810] KVM setup paravirtual spinlock
[    0.372194] x86: Booting SMP configuration:
[    0.373118] .... node  #0, CPUs:      #1
[    0.374050] kvm-clock: cpu 1, msr 0:3ffe3041, secondary cpu clock
[    0.376489] mce: CPU supports 0 MCE banks
[    0.379014] x86: Booted up 1 node, 2 CPUs
[    0.380136] smpboot: Total of 2 processors activated (7967.99 BogoMIPS)
[    0.381807] devtmpfs: initialized
[    0.383398] evm: security.selinux
[    0.384122] evm: security.SMACK64
[    0.384894] evm: security.SMACK64EXEC
[    0.385757] evm: security.SMACK64TRANSMUTE
[    0.386659] evm: security.SMACK64MMAP
[    0.387492] evm: security.ima
[    0.388196] evm: security.capability
[    0.389135] clocksource: jiffies: mask: 0xffffffff max_cycles: 0xffffffff, max_idle_ns: 7645041785100000 ns
[    0.390983] futex hash table entries: 512 (order: 3, 32768 bytes)
[    0.392296] pinctrl core: initialized pinctrl subsystem
[    0.393391] RTC time: 21:32:56, date: 03/14/20
[    0.397027] NET: Registered protocol family 16
[    0.408857] cpuidle: using governor ladder
[    0.420530] cpuidle: using governor menu
[    0.421456] PCCT header not found.
[    0.422328] ACPI: bus type PCI registered
[    0.423292] acpiphp: ACPI Hot Plug PCI Controller Driver version: 0.5
[    0.424616] PCI: Using configuration type 1 for base access
[    0.437276] ACPI: Added _OSI(Module Device)
[    0.438240] ACPI: Added _OSI(Processor Device)
[    0.439187] ACPI: Added _OSI(3.0 _SCP Extensions)
[    0.440164] ACPI: Added _OSI(Processor Aggregator Device)
[    0.441878] ACPI: Executed 1 blocks of module-level executable AML code
[    0.445304] ACPI: Interpreter enabled
[    0.446216] ACPI: (supports S0 S5)
[    0.447028] ACPI: Using IOAPIC for interrupt routing
[    0.448178] PCI: Using host bridge windows from ACPI; if necessary, use "pci=nocrs" and report a bug
[    0.453145] ACPI: PCI Root Bridge [PCI0] (domain 0000 [bus 00-ff])
[    0.454269] acpi PNP0A03:00: _OSC: OS supports [ASPM ClockPM Segments MSI]
[    0.455866] acpi PNP0A03:00: _OSC: not requesting OS control; OS requires [ExtendedConfig ASPM ClockPM MSI]
[    0.457780] acpi PNP0A03:00: fail to add MMCONFIG information, can't access extended PCI configuration space under this bridge.
[    0.460287] PCI host bridge to bus 0000:00
[    0.461164] pci_bus 0000:00: root bus resource [io  0x0000-0x0cf7 window]
[    0.462453] pci_bus 0000:00: root bus resource [io  0x0d00-0xffff window]
[    0.463792] pci_bus 0000:00: root bus resource [mem 0x000a0000-0x000bffff window]
[    0.465431] pci_bus 0000:00: root bus resource [mem 0x40000000-0xfdffffff window]
[    0.466987] pci_bus 0000:00: root bus resource [bus 00-ff]
[    0.469561] pci 0000:00:01.1: legacy IDE quirk: reg 0x10: [io  0x01f0-0x01f7]
[    0.470900] pci 0000:00:01.1: legacy IDE quirk: reg 0x14: [io  0x03f6]
[    0.472173] pci 0000:00:01.1: legacy IDE quirk: reg 0x18: [io  0x0170-0x0177]
[    0.473561] pci 0000:00:01.1: legacy IDE quirk: reg 0x1c: [io  0x0376]
[    0.495898] pci 0000:00:07.0: quirk: [io  0x4000-0x403f] claimed by PIIX4 ACPI
[    0.497347] pci 0000:00:07.0: quirk: [io  0x4100-0x410f] claimed by PIIX4 SMB
[    0.502324] ACPI: PCI Interrupt Link [LNKA] (IRQs 5 9 10 *11)
[    0.504050] ACPI: PCI Interrupt Link [LNKB] (IRQs 5 9 *10 11)
[    0.505678] ACPI: PCI Interrupt Link [LNKC] (IRQs 5 *9 10 11)
[    0.507371] ACPI: PCI Interrupt Link [LNKD] (IRQs 5 9 10 *11)
[    0.508913] ACPI: Enabled 2 GPEs in block 00 to 07
[    0.510348] vgaarb: setting as boot device: PCI:0000:00:02.0
[    0.511477] vgaarb: device added: PCI:0000:00:02.0,decodes=io+mem,owns=io+mem,locks=none
[    0.513067] vgaarb: loaded
[    0.513698] vgaarb: bridge control possible 0000:00:02.0
[    0.514892] SCSI subsystem initialized
[    0.515915] ACPI: bus type USB registered
[    0.516789] usbcore: registered new interface driver usbfs
[    0.517819] usbcore: registered new interface driver hub
[    0.518891] usbcore: registered new device driver usb
[    0.520093] PCI: Using ACPI for IRQ routing
[    0.521274] NetLabel: Initializing
[    0.522043] NetLabel:  domain hash size = 128
[    0.523001] NetLabel:  protocols = UNLABELED CIPSOv4
[    0.523959] NetLabel:  unlabeled traffic allowed by default
[    0.525144] amd_nb: Cannot enumerate AMD northbridges
[    0.526209] clocksource: Switched to clocksource kvm-clock
[    0.536571] AppArmor: AppArmor Filesystem Enabled
[    0.537639] pnp: PnP ACPI init
[    0.539052] pnp: PnP ACPI: found 3 devices
[    0.550128] clocksource: acpi_pm: mask: 0xffffff max_cycles: 0xffffff, max_idle_ns: 2085701024 ns
[    0.552006] NET: Registered protocol family 2
[    0.553021] TCP established hash table entries: 8192 (order: 4, 65536 bytes)
[    0.554344] TCP bind hash table entries: 8192 (order: 5, 131072 bytes)
[    0.555554] TCP: Hash tables configured (established 8192 bind 8192)
[    0.556773] UDP hash table entries: 512 (order: 2, 16384 bytes)
[    0.557827] UDP-Lite hash table entries: 512 (order: 2, 16384 bytes)
[    0.561519] NET: Registered protocol family 1
[    0.562539] pci 0000:00:00.0: Limiting direct PCI/PCI transfers
[    0.563770] pci 0000:00:01.0: Activating ISA DMA hang workarounds
[    0.565111] Unpacking initramfs...
[    0.750915] Freeing initrd memory: 14880K
[    0.752002] clocksource: tsc: mask: 0xffffffffffffffff max_cycles: 0x396d4e5fc9d, max_idle_ns: 881590756024 ns
[    0.753894] platform rtc_cmos: registered platform RTC device (no PNP device found)
[    0.755481] Scanning for low memory corruption every 60 seconds
[    0.756994] audit: initializing netlink subsys (disabled)
[    0.758035] audit: type=2000 audit(1584221581.842:1): initialized
[    0.759374] Initialise system trusted keyring
[    0.760573] HugeTLB registered 2 MB page size, pre-allocated 0 pages
[    0.762788] zbud: loaded
[    0.763811] VFS: Disk quotas dquot_6.6.0
[    0.764681] VFS: Dquot-cache hash table entries: 512 (order 0, 4096 bytes)
[    0.766086] squashfs: version 4.0 (2009/01/31) Phillip Lougher
[    0.769801] fuse init (API version 7.23)
[    0.770931] Key type big_key registered
[    0.771727] Allocating IMA MOK and blacklist keyrings.
[    0.774937] Key type asymmetric registered
[    0.775814] Asymmetric key parser 'x509' registered
[    0.776797] Block layer SCSI generic (bsg) driver version 0.4 loaded (major 249)
[    0.778424] io scheduler noop registered
[    0.779235] io scheduler deadline registered (default)
[    0.780200] io scheduler cfq registered
[    0.781009] pci_hotplug: PCI Hot Plug PCI Core version: 0.5
[    0.781963] pciehp: PCI Express Hot Plug Controller Driver version: 0.4
[    0.783233] ACPI: AC Adapter [AC] (on-line)
[    0.784089] input: Power Button as /devices/LNXSYSTM:00/LNXPWRBN:00/input/input0
[    0.785544] ACPI: Power Button [PWRF]
[    0.786340] input: Sleep Button as /devices/LNXSYSTM:00/LNXSLPBN:00/input/input1
[    0.787799] ACPI: Sleep Button [SLPF]
[    0.789294] ACPI: Battery Slot [BAT0] (battery present)
[    0.790269] GHES: HEST is not enabled!
[    0.791193] Serial: 8250/16550 driver, 32 ports, IRQ sharing enabled
[    0.812760] 00:02: ttyS0 at I/O 0x3f8 (irq = 4, base_baud = 115200) is a 16550A
[    0.816182] Linux agpgart interface v0.103
[    0.818504] loop: module loaded
[    0.819737] scsi host0: ata_piix
[    0.820573] scsi host1: ata_piix
[    0.821439] ata1: PATA max UDMA/33 cmd 0x1f0 ctl 0x3f6 bmdma 0xd000 irq 14
[    0.822786] ata2: PATA max UDMA/33 cmd 0x170 ctl 0x376 bmdma 0xd008 irq 15
[    0.824094] libphy: Fixed MDIO Bus: probed
[    0.824966] tun: Universal TUN/TAP device driver, 1.6
[    0.825996] tun: (C) 1999-2004 Max Krasnyansky <maxk@qualcomm.com>
[    0.827383] PPP generic driver version 2.4.2
[    0.828353] ehci_hcd: USB 2.0 'Enhanced' Host Controller (EHCI) Driver
[    0.829634] ehci-pci: EHCI PCI platform driver
[    0.830611] ehci-platform: EHCI generic platform driver
[    0.831680] ohci_hcd: USB 1.1 'Open' Host Controller (OHCI) Driver
[    0.832846] ohci-pci: OHCI PCI platform driver
[    0.833760] ohci-platform: OHCI generic platform driver
[    0.834914] uhci_hcd: USB Universal Host Controller Interface driver
[    0.836137] i8042: PNP: PS/2 Controller [PNP0303:PS2K,PNP0f03:PS2M] at 0x60,0x64 irq 1,12
[    0.838255] serio: i8042 KBD port at 0x60,0x64 irq 1
[    0.839218] serio: i8042 AUX port at 0x60,0x64 irq 12
[    0.840413] mousedev: PS/2 mouse device common for all mice
[    0.841764] input: AT Translated Set 2 keyboard as /devices/platform/i8042/serio0/input/input2
[    0.843933] rtc_cmos rtc_cmos: rtc core: registered rtc_cmos as rtc0
[    0.845266] rtc_cmos rtc_cmos: alarms up to one day, 114 bytes nvram
[    0.846445] i2c /dev entries driver
[    0.847277] device-mapper: uevent: version 1.0.3
[    0.848325] device-mapper: ioctl: 4.34.0-ioctl (2015-10-28) initialised: dm-devel@redhat.com
[    0.850105] ledtrig-cpu: registered to indicate activity on CPUs
[    0.852111] NET: Registered protocol family 10
[    0.853932] NET: Registered protocol family 17
[    0.855585] Key type dns_resolver registered
[    0.857415] registered taskstats version 1
[    0.858380] Loading compiled-in X.509 certificates
[    0.859801] Loaded X.509 cert 'Build time autogenerated kernel key: 2501974cc66248a18f8fa54aaac948a5171f77fb'
[    0.861661] zswap: loaded using pool lzo/zbud
[    0.864174] Key type trusted registered
[    0.868176] Key type encrypted registered
[    0.869027] AppArmor: AppArmor sha1 policy hashing enabled
[    0.870059] ima: No TPM chip found, activating TPM-bypass!
[    0.871269] ima: Allocated hash algorithm: sha1
[    0.872221] evm: HMAC attrs: 0x1
[    0.873373]   Magic number: 12:738:550
[    0.874223] tty ttyS26: hash matches
[    0.875087] clockevents clockevent1: hash matches
[    0.876026] acpi PNP0C0F:01: hash matches
[    0.876955] rtc_cmos rtc_cmos: setting system clock to 2020-03-14 21:32:57 UTC (1584221577)
[    0.878872] BIOS EDD facility v0.16 2004-Jun-25, 0 devices found
[    0.879992] EDD information not available.
[    1.011084] Freeing unused kernel memory: 1488K
[    1.012916] Write protecting the kernel read-only data: 14336k
[    1.015596] Freeing unused kernel memory: 1604K
[    1.017415] Freeing unused kernel memory: 64K
Loading, please wait...
starting version 229
[    1.032351] random: systemd-udevd: uninitialized urandom read (16 bytes read, 3 bits of entropy available)
[    1.032867] random: udevadm: uninitialized urandom read (16 bytes read, 3 bits of entropy available)
[    1.032882] random: udevadm: uninitialized urandom read (16 bytes read, 3 bits of entropy available)
[    1.038388] random: systemd-udevd: uninitialized urandom read (16 bytes read, 3 bits of entropy available)
[    1.039196] random: udevadm: uninitialized urandom read (16 bytes read, 3 bits of entropy available)
[    1.039226] random: udevadm: uninitialized urandom read (16 bytes read, 3 bits of entropy available)
[    1.039329] random: udevadm: uninitialized urandom read (16 bytes read, 3 bits of entropy available)
[    1.039365] random: udevadm: uninitialized urandom read (16 bytes read, 3 bits of entropy available)
[    1.039403] random: udevadm: uninitialized urandom read (16 bytes read, 3 bits of entropy available)
[    1.039440] random: udevadm: uninitialized urandom read (16 bytes read, 3 bits of entropy available)
[    1.072359] e1000: Intel(R) PRO/1000 Network Driver - version 7.3.21-k8-NAPI
[    1.073773] e1000: Copyright (c) 1999-2006 Intel Corporation.
[    1.076696] Fusion MPT base driver 3.04.20
[    1.077607] Copyright (c) 1999-2008 LSI Corporation
[    1.084836] Fusion MPT SPI Host driver 3.04.20
[    1.090201] AVX2 version of gcm_enc/dec engaged.
[    1.091175] AES CTR mode by8 optimization enabled
[    1.092854] mptbase: ioc0: Initiating bringup
[    1.288707] input: ImExPS/2 Generic Explorer Mouse as /devices/platform/i8042/serio1/input/input4
[    1.291317] ioc0: LSI53C1030 A0: Capabilities={Initiator}
[    3.684855] scsi host2: ioc0: LSI53C1030 A0, FwRev=00000000h, Ports=1, MaxQ=256, IRQ=20
[    4.747016] scsi 2:0:0:0: Direct-Access     VBOX     HARDDISK         1.0  PQ: 0 ANSI: 5
[    4.751770] scsi target2:0:0: Beginning Domain Validation
[    4.756652] scsi target2:0:0: Domain Validation skipping write tests
[    4.757868] scsi target2:0:0: Ending Domain Validation
[    4.759145] scsi target2:0:0: asynchronous
[    4.761278] scsi 2:0:1:0: Direct-Access     VBOX     HARDDISK         1.0  PQ: 0 ANSI: 5
[    4.762864] scsi target2:0:1: Beginning Domain Validation
[    4.767521] scsi target2:0:1: Domain Validation skipping write tests
[    4.768796] scsi target2:0:1: Ending Domain Validation
[    4.769997] scsi target2:0:1: asynchronous
[    4.794956] sd 2:0:0:0: Attached scsi generic sg0 type 0
[    4.796372] sd 2:0:1:0: Attached scsi generic sg1 type 0
[    4.797851] sd 2:0:1:0: [sdb] 20480 512-byte logical blocks: (10.5 MB/10.0 MiB)
[    4.799548] sd 2:0:0:0: [sda] 20971520 512-byte logical blocks: (10.7 GB/10.0 GiB)
[    4.801504] sd 2:0:1:0: [sdb] Write Protect is off
[    4.802735] sd 2:0:0:0: [sda] Write Protect is off
[    4.803857] sd 2:0:1:0: [sdb] Incomplete mode parameter data
[    4.804973] sd 2:0:1:0: [sdb] Assuming drive cache: write through
[    4.807559] sd 2:0:0:0: [sda] Incomplete mode parameter data
[    4.808740] sd 2:0:0:0: [sda] Assuming drive cache: write through
[    4.815494]  sda: sda1
[    4.817842] sd 2:0:1:0: [sdb] Attached SCSI disk
[    4.818957] sd 2:0:0:0: [sda] Attached SCSI disk
[    5.197902] e1000 0000:00:03.0 eth0: (PCI:33MHz:32-bit) 02:1b:c5:10:6b:e2
[    5.199943] e1000 0000:00:03.0 eth0: Intel(R) PRO/1000 Network Connection
[    5.202764] e1000 0000:00:03.0 enp0s3: renamed from eth0
Begin: Loading essential drivers ... [    6.601627] md: linear personality registered for level -1
[    6.604477] md: multipath personality registered for level -4
[    6.607297] md: raid0 personality registered for level 0
[    6.611272] md: raid1 personality registered for level 1
[    6.682462] raid6: sse2x1   gen() 13320 MB/s
[    6.750377] raid6: sse2x1   xor() 10786 MB/s
[    6.818657] raid6: sse2x2   gen() 18291 MB/s
[    6.886235] raid6: sse2x2   xor() 12783 MB/s
[    6.954380] raid6: sse2x4   gen() 20328 MB/s
[    7.022629] raid6: sse2x4   xor() 14143 MB/s
[    7.090223] raid6: avx2x1   gen() 28047 MB/s
[    7.158331] raid6: avx2x2   gen() 32954 MB/s
[    7.226626] raid6: avx2x4   gen() 33504 MB/s
[    7.227613] raid6: using algorithm avx2x4 gen() 33504 MB/s
[    7.228783] raid6: using avx2x2 recovery algorithm
[    7.231083] xor: automatically using best checksumming function:
[    7.271015]    avx       : 34389.000 MB/sec
[    7.272820] async_tx: api initialized (async)
[    7.281591] md: raid6 personality registered for level 6
[    7.282771] md: raid5 personality registered for level 5
[    7.283751] md: raid4 personality registered for level 4
[    7.289219] md: raid10 personality registered for level 10
done.
Begin: Running /scripts/init-premount ... done.
Begin: Mounting root file system ... Begin: Running /scripts/local-top ... done.
Begin: Running /scripts/local-premount ... [    7.314230] Btrfs loaded
Scanning for Btrfs filesystems
done.
Warning: fsck not present, so skipping root file system
[    7.344663] EXT4-fs (sda1): mounted filesystem with ordered data mode. Opts: (null)
done.
Begin: Running /scripts/local-bottom ... done.
Begin: Running /scripts/init-bottom ... done.
[    7.463948] systemd[1]: systemd 229 running in system mode. (+PAM +AUDIT +SELINUX +IMA +APPARMOR +SMACK +SYSVINIT +UTMP +LIBCRYPTSETUP +GCRYPT +GNUTLS +ACL +XZ -LZ4 +SECCOMP +BLKID +ELFUTILS +KMOD -IDN)
[    7.467209] systemd[1]: Detected virtualization oracle.
[    7.468485] systemd[1]: Detected architecture x86-64.

Welcome to [1mUbuntu 16.04.6 LTS[0m!

[    7.472605] systemd[1]: Set hostname to <ubuntu>.
[    7.477512] systemd[1]: Initializing machine ID from random generator.
[    7.478865] systemd[1]: Installed transient /etc/machine-id file.
[    7.782556] systemd[1]: Reached target User and Group Name Lookups.
[[0;32m  OK  [0m] Reached target User and Group Name Lookups.
[    7.983167] systemd[1]: Started Forward Password Requests to Wall Directory Watch.
[[0;32m  OK  [0m] Started Forward Password Requests to Wall Directory Watch.
[    7.995489] systemd[1]: Reached target Encrypted Volumes.
[[0;32m  OK  [0m] Reached target Encrypted Volumes.
[    8.001636] systemd[1]: Started Trigger resolvconf update for networkd DNS.
[[0;32m  OK  [0m] Started Trigger resolvconf update for networkd DNS.
[    8.386896] systemd[1]: Listening on LVM2 poll daemon socket.
[[0;32m  OK  [0m] Listening on LVM2 poll daemon socket.
[    8.645713] systemd[1]: Listening on Journal Audit Socket.
[[0;32m  OK  [0m] Listening on Journal Audit Socket.
[    8.648446] systemd[1]: Listening on udev Control Socket.
[[0;32m  OK  [0m] Listening on udev Control Socket.
[    8.651121] systemd[1]: Reached target Swap.
[[0;32m  OK  [0m] Reached target Swap.
[    8.679273] systemd[1]: Listening on Syslog Socket.
[[0;32m  OK  [0m] Listening on Syslog Socket.
[    8.683929] systemd[1]: Set up automount Arbitrary Executable File Formats File System Automount Point.
[[0;32m  OK  [0m] Set up automount Arbitrary Executab...ats File System Automount Point.
[    8.686658] systemd[1]: Reached target System Time Synchronized.
[[0;32m  OK  [0m] Reached target System Time Synchronized.
[    8.742105] systemd[1]: Created slice System Slice.
[[0;32m  OK  [0m] Created slice System Slice.
[    8.744570] systemd[1]: Created slice system-serial\x2dgetty.slice.
[[0;32m  OK  [0m] Created slice system-serial\x2dgetty.slice.
[    8.760857] systemd[1]: Listening on Journal Socket (/dev/log).
[[0;32m  OK  [0m] Listening on Journal Socket (/dev/log).
[    9.472642] systemd[1]: Listening on Device-mapper event daemon FIFOs.
[[0;32m  OK  [0m] Listening on Device-mapper event daemon FIFOs.
[    9.483170] systemd[1]: Listening on /dev/initctl Compatibility Named Pipe.
[[0;32m  OK  [0m] Listening on /dev/initctl Compatibility Named Pipe.
[    9.489440] systemd[1]: Listening on udev Kernel Socket.
[[0;32m  OK  [0m] Listening on udev Kernel Socket.
[    9.493903] systemd[1]: Created slice User and Session Slice.
[[0;32m  OK  [0m] Created slice User and Session Slice.
[    9.497349] systemd[1]: Reached target Slices.
[[0;32m  OK  [0m] Reached target Slices.
[    9.500052] systemd[1]: Listening on Journal Socket.
[[0;32m  OK  [0m] Listening on Journal Socket.
[    9.658477] systemd[1]: Mounting POSIX Message Queue File System...
         Mounting POSIX Message Queue File System...
[    9.661680] systemd[1]: Starting Remount Root and Kernel File Systems...
         Starting Remount Root and Kernel File Systems...
[    9.666475] EXT4-fs (sda1): re-mounted. Opts: (null)
[    9.672217] systemd[1]: Starting Nameserver information manager...
         Starting Nameserver information manager...
[    9.685535] systemd[1]: Starting Load Kernel Modules...
         Starting Load Kernel Modules...
[    9.695262] Loading iSCSI transport class v2.0-870.
[    9.697028] systemd[1]: Mounting Debug File System...
         Mounting Debug File System...
[    9.699691] systemd[1]: Mounting Huge Pages File System...
         Mounting Huge Pages File System...
[    9.703354] systemd[1]: Starting Set console keymap...
         Starting Set console keymap...
[    9.705955] iscsi: registered transport (tcp)
[    9.706103] systemd[1]: Starting Journal Service...
         Starting Journal Service...
[    9.709429] systemd[1]: Starting Uncomplicated firewall...
         Starting Uncomplicated firewall...
[    9.730442] systemd[1]: Starting Create list of required static device nodes for the current kernel...
         Starting Create list of required st... nodes for the current kernel...
[    9.733297] systemd[1]: Listening on LVM2 metadata daemon socket.
[[0;32m  OK  [0m] Listening on LVM2 metadata daemon socket.
[    9.735849] systemd[1]: Starting Monitoring of LVM2 mirrors, snapshots etc. using dmeventd or progress polling...
         Starting Monitoring of LVM2 mirrors... dmeventd or progress polling...
[    9.740655] systemd[1]: Mounted Debug File System.
[[0;32m  OK  [0m] Mounted Debug File System.
[    9.742332] systemd[1]: Mounted POSIX Message Queue File System.
[[0;32m  OK  [0m] Mounted POSIX Message Queue File System.
[    9.744362] systemd[1]: Mounted Huge Pages File System.
[[0;32m  OK  [0m] Mounted Huge Pages File System.
[    9.748914] systemd[1]: Started Journal Service.
[[0;32m  OK  [0m] Started Journal Service.
[[0;32m  OK  [0m] Started Remount Root and Kernel File Systems.
[    9.752392] iscsi: registered transport (iser)
[[0;32m  OK  [0m] Started Load Kernel Modules.
[[0;32m  OK  [0m] Started Uncomplicated firewall.
[[0;32m  OK  [0m] Started Create list of required sta...ce nodes for the current kernel.
[[0;32m  OK  [0m] Started Nameserver information manager.
[[0;32m  OK  [0m] Started LVM2 metadata daemon.
         Starting Create Static Device Nodes in /dev...
         Starting Apply Kernel Variables...
         Mounting FUSE Control File System...
         Starting udev Coldplug all Devices...
         Starting Load/Save Random Seed...
         Starting Flush Journal to Persistent Storage...
[[0;32m  OK  [0m] Mounted FUSE Control File System.
[[0;32m  OK  [0m] Started Set console keymap.
[[0;32m  OK  [0m] Started Load/Save Random Seed.
[    9.800001] systemd-journald[388]: Received request to flush runtime journal from PID 1
[[0;32m  OK  [0m] Started Apply Kernel Variables.
[[0;32m  OK  [0m] Started Flush Journal to Persistent Storage.
[[0;32m  OK  [0m] Started Create Static Device Nodes in /dev.
         Starting udev Kernel Device Manager...
[[0;32m  OK  [0m] Started udev Kernel Device Manager.
[[0;32m  OK  [0m] Started udev Coldplug all Devices.
[[0;32m  OK  [0m] Started Dispatch Password Requests to Console Directory Watch.
[[0;32m  OK  [0m] Started Monitoring of LVM2 mirrors,...ng dmeventd or progress polling.
[[0;32m  OK  [0m] Reached target Local File Systems (Pre).
[[0;32m  OK  [0m] Reached target Local File Systems.
         Starting Commit a transient machine-id on disk...
         Starting Initial cloud-init job (pre-networking)...
         Starting Create Volatile Files and Directories...
         Starting Tell Plymouth To Write Out Runtime Data...
         Starting Set console font and keymap...
         Starting LSB: AppArmor initialization...
[[0;32m  OK  [0m] Started Create Volatile Files and Directories.
[[0;32m  OK  [0m] Started Tell Plymouth To Write Out Runtime Data.
         Starting Update UTMP about System Boot/Shutdown...
[[0;32m  OK  [0m] Started Commit a transient machine-id on disk.
[[0;32m  OK  [0m] Started Update UTMP about System Boot/Shutdown.
[[0;32m  OK  [0m] Found device /dev/ttyS0.
[[0;32m  OK  [0m] Listening on Load/Save RF Kill Switch Status /dev/rfkill Watch.
[   11.002349] cloud-init[484]: Cloud-init v. 19.4-33-gbb4131a2-0ubuntu1~16.04.1 running 'init-local' at Sat, 14 Mar 2020 21:33:07 +0000. Up 10.58 seconds.
[[0;32m  OK  [0m] Started Initial cloud-init job (pre-networking).
[[0;32m  OK  [0m] Reached target Network (Pre).
[[0;32m  OK  [0m] Started LSB: AppArmor initialization.
         Starting Raise network interfaces...
[[0;32m  OK  [0m] Started Set console font and keymap.
[[0;32m  OK  [0m] Created slice system-getty.slice.
[[0;32m  OK  [0m] Started Raise network interfaces.
         Starting Initial cloud-init job (metadata service crawler)...
[[0;32m  OK  [0m] Reached target Network.
[   13.040113] cloud-init[945]: Cloud-init v. 19.4-33-gbb4131a2-0ubuntu1~16.04.1 running 'init' at Sat, 14 Mar 2020 21:33:08 +0000. Up 12.10 seconds.
[   13.048830] cloud-init[945]: ci-info: ++++++++++++++++++++++++++++++++++++++Net device info++++++++++++++++++++++++++++++++++++++
[   13.050546] cloud-init[945]: ci-info: +--------+------+----------------------------+---------------+--------+-------------------+
[   13.056644] cloud-init[945]: ci-info: | Device |  Up  |          Address           |      Mask     | Scope  |     Hw-Address    |
[   13.058096] cloud-init[945]: ci-info: +--------+------+----------------------------+---------------+--------+-------------------+
[   13.059531] cloud-init[945]: ci-info: | enp0s3 | True |         10.0.2.15          | 255.255.255.0 | global | 02:1b:c5:10:6b:e2 |
[   13.061051] cloud-init[945]: ci-info: | enp0s3 | True | fe80::1b:c5ff:fe10:6be2/64 |       .       |  link  | 02:1b:c5:10:6b:e2 |
[   13.064366] cloud-init[945]: ci-info: |   lo   | True |         127.0.0.1          |   255.0.0.0   |  host  |         .         |
[   13.066165] cloud-init[945]: ci-info: |   lo   | True |          ::1/128           |       .       |  host  |         .         |
[   13.067756] cloud-init[945]: ci-info: +--------+------+----------------------------+---------------+--------+-------------------+
[   13.069508] cloud-init[945]: ci-info: +++++++++++++++++++++++++++Route IPv4 info++++++++++++++++++++++++++++
[   13.077166] cloud-init[945]: ci-info: +-------+-------------+----------+---------------+-----------+-------+
[   13.078278] cloud-init[945]: ci-info: | Route | Destination | Gateway  |    Genmask    | Interface | Flags |
[   13.079409] cloud-init[945]: ci-info: +-------+-------------+----------+---------------+-----------+-------+
[   13.080539] cloud-init[945]: ci-info: |   0   |   0.0.0.0   | 10.0.2.2 |    0.0.0.0    |   enp0s3  |   UG  |
[   13.088836] cloud-init[945]: ci-info: |   1   |   10.0.2.0  | 0.0.0.0  | 255.255.255.0 |   enp0s3  |   U   |
[   13.096624] cloud-init[945]: ci-info: +-------+-------------+----------+---------------+-----------+-------+
[   13.104383] cloud-init[945]: ci-info: +++++++++++++++++++Route IPv6 info+++++++++++++++++++
[   13.104585] cloud-init[945]: ci-info: +-------+-------------+---------+-----------+-------+
[   13.104660] cloud-init[945]: ci-info: | Route | Destination | Gateway | Interface | Flags |
[   13.104820] cloud-init[945]: ci-info: +-------+-------------+---------+-----------+-------+
[   13.104907] cloud-init[945]: ci-info: |   0   |  fe80::/64  |    ::   |   enp0s3  |   U   |
[   13.105003] cloud-init[945]: ci-info: |   3   |   ff00::/8  |    ::   |   enp0s3  |   U   |
[   13.105195] cloud-init[945]: ci-info: +-------+-------------+---------+-----------+-------+
[   13.105345] cloud-init[945]: Generating public/private rsa key pair.
[   13.105446] cloud-init[945]: Your identification has been saved in /etc/ssh/ssh_host_rsa_key.
[   13.105659] cloud-init[945]: Your public key has been saved in /etc/ssh/ssh_host_rsa_key.pub.
[   13.105863] cloud-init[945]: The key fingerprint is:
[   13.105967] cloud-init[945]: SHA256:5rBwh6mLsW8Cg2it2A4eCwRGZGYjVUOWw/oLg0GXeHw root@ubuntu-xenial
[   13.106186] cloud-init[945]: The key's randomart image is:
[   13.106537] cloud-init[945]: +---[RSA 2048]----+
[   13.106662] cloud-init[945]: |oO++*.           |
[   13.106994] cloud-init[945]: |*o.*+E           |
[   13.107580] cloud-init[945]: |o.o...           |
[   13.107762] cloud-init[945]: |+ .    o         |
[   13.107969] cloud-init[945]: |o+... = S        |
[[0;32m  OK  [0m] Started Initial cloud-init job (metadata service crawler).
[   13.108071] cloud-init[945]: |B.o..+ *         |
[   13.124889] cloud-init[945]: |==oo... .        |
[   13.125080] cloud-init[[945]: [0;32m  OK  [0m|+o=+o.           |] 
Reached target Cloud-config availability.
[   13.125124] cloud-init[945]: | +++o            |
[   13.126648] cloud-init[945]: +----[SHA256]-----+
[[0;32m  OK  [0m] Reached target System Initialization.
[   13.126865] [cloud-init[0;32m  OK  [0m[945]: ] Generating public/private dsa key pair.Listening on D-Bus System Message Bus Socket.

[   13.128237] cloud-init[945]: Your identification has been saved in /etc/ssh/ssh_host_dsa_key.
[   13.130368] cloud-init[945]: Your public key has been saved in /etc/ssh/ssh_host_dsa_key.pub.
[   13.131515] cloud-init[945]: The key fingerprint is:
[   13.144372] cloud-init[945]: SHA256:DYZbl67omeSLJQ3Qd9KQNwD2VxdHAhpOeGeadkBLxvE root@ubuntu-xenial
[   13.144532] cloud-init[945]: The key's randomart image is:
[   13.144919] cloud-init[945]: +---[DSA 1024]----+
[   13.145295] cloud-init[945]: |    o.o*B.o.+oo  |
[   13.145509] cloud-init[945]: |   o .oO**oo o   |
[   13.145736] cloud-init[945]: |  . . =o@BE      |
[   13.145846] cloud-init[945]: |   . . B+=.      |
[   13.145971] cloud-init[945]: |    . ..S.o      |
[   13.146233] cloud-init[945]: |     o . .       |
[   13.146332] cloud-init[945]: |    . = .        |
[   13.146432] cloud-init[945]: |     B o         |
[   13.146646] cloud-init[945]: |    . *.         |
[   13.146752] cloud-init[945]: +----[SHA256]-----+
[   13.146862] cloud-init[945]: Generating public/private ecdsa key pair.
[   13.147097] cloud-init[945]: Your identification has been saved in /etc/ssh/ssh_host_ecdsa_key.
         Starting LXD - unix socket.
[[   13.147146] cloud-init[945]: Your public key has been saved in /etc/ssh/ssh_host_ecdsa_key.pub.
[   13.156473] cloud-init[945]: The key fingerprint is:
[   13.156616] cloud-init[945]: SHA256:3gibC0Y4rG0/b3qkgnpfTdXsJoCZR0dzXPCSekTgFRA root@ubuntu-xenial
[   13.156691] cloud-init[945]: The key's randomart image is:
[   13.156760] cloud-init[945]: +---[ECDSA 256]---+
[   13.156955] cloud-init[945]: |        ..E=*+.  |
[   13.157102] cloud-init[945]: |       = o B.o   |
[   13.157252] cloud-init[945]: |      + o o * .  |
[   13.157405] cloud-init[945]: | . .   . o + .   |
[   13.157497] cloud-init[945]: |  + . . S o +    |
[   13.157584] cloud-init[945]: | o o  .B o +     |
[   13.157766] cloud-init[945]: |..o oo+ + .      |
[   13.157861] cloud-init[945]: |..ooooo.         |
[   13.157949] cloud-init[945]: |o. o+*o          |
[   13.158035] cloud-init[945]: +----[SHA256]-----+
[   13.158179] cloud-init[945]: Generating public/private ed25519 key pair.
[   13.158260] cloud-init[945]: Your identification has been saved in /etc/ssh/ssh_host_ed25519_key.
[   13.158340] cloud-init[945]: Your public key has been saved in /etc/ssh/ssh_host_ed25519_key.pub.
[   13.158499] cloud-init[945]: The key fingerprint is:
[   13.158694] cloud-init[945]: SHA256:eMqHKmJSC6S07aDU79zO6a03cfbDRd+In/xjyV9/ACo root@ubuntu-xenial
[   13.158802] cloud-init[945]: The key's randomart image is:
[   13.158942] cloud-init[945]: +--[ED25519 256]--+
[   13.159079] cloud-init[945]: |                 |
[   13.159148] cloud-init[945]: |                 |
[   13.159286] cloud-init[945]: |                 |
[   13.159368] cloud-init[945]: | o     .    .  . |
[   13.159444] cloud-init[945]: |+ +   . S  . o..o|
[   13.159587] cloud-init[945]: |o+.o . +E..o. o.o|
[   13.159664] cloud-init[945]: |ooo.. + ..+ ooooo|
[   13.159836] cloud-init[945]: |+.o..oo.oo   ++=+|
[   13.160058] cloud-init[945]: |o. .oooBo..   o.B|
[   13.160140] cloud-init[945]: +----[SHA256]-----+
[0;32m  OK  [0m] Started Daily apt download activities.
[[0;32m  OK  [0m] Started Message of the Day.
[[0;32m  OK  [0m] Started Daily Cleanup of Temporary Directories.
         Starting Socket activation for snappy daemon.
[[0;32m  OK  [0m] Listening on ACPID Listen Socket.
[[0;32m  OK  [0m] Listening on UUID daemon activation socket.
[[0;32m  OK  [0m] Started ACPI Events Check.
[[0;32m  OK  [0m] Reached target Paths.
[[0;32m  OK  [0m] Started Daily apt upgrade and clean activities.
[[0;32m  OK  [0m] Reached target Timers.
[[0;32m  OK  [0m] Reached target Network is Online.
         Starting iSCSI initiator daemon (iscsid)...
[[0;32m  OK  [0m] Listening on LXD - unix socket.
[[0;32m  OK  [0m] Listening on Socket activation for snappy daemon.
[[0;32m  OK  [0m] Reached target Sockets.
[[0;32m  OK  [0m] Reached target Basic System.
[[0;32m  OK  [0m] Started D-Bus System Message Bus.
[[0;32m  OK  [0m] Started FUSE filesystem for LXC.
[[0;32m  OK  [0m] Started ACPI event daemon.
         Starting LSB: MD monitoring daemon...
         Starting Accounts Service...
         Starting Login Service...
         Starting Virtualbox guest utils...
         Starting Snappy daemon...
         Starting System Logging Service...
[[0;32m  OK  [0m] Started Deferred execution scheduler.
         Starting /etc/rc.local Compatibility...
[[0;32m  OK  [0m] Started Regular background program processing daemon.
         Starting Pollinate to seed the pseudo random number generator...
         Starting LSB: Record successful boot for GRUB...
         Starting LXD - container startup/shutdown...
[[0;32m  OK  [0m] Started /etc/rc.local Compatibility.
[[0;32m  OK  [0m] Started System Logging Service.
[[0;32m  OK  [0m] Started iSCSI initiator daemon (iscsid).
         Starting Login to default iSCSI targets...
[[0;32m  OK  [0m] Started Login Service.
[[0;32m  OK  [0m] Started Login to default iSCSI targets.
[[0;32m  OK  [0m] Started LSB: MD monitoring daemon.
[[0;32m  OK  [0m] Reached target Remote File Systems (Pre).
[[0;32m  OK  [0m] Reached target Remote File Systems.
         Starting LSB: Set the CPU Frequency Scaling governor to "ondemand"...
         Starting LSB: daemon to balance interrupts for SMP systems...
         Starting Permit User Sessions...
         Starting LSB: automatic crash report generation...
[[0;32m  OK  [0m] Started Unattended Upgrades Shutdown.
[[0;32m  OK  [0m] Started LSB: Record successful boot for GRUB.
         Starting Authenticate and Authorize Users to Run Privileged Tasks...
[[0;32m  OK  [0m] Started Permit User Sessions.
         Starting Hold until boot process finishes up...
         Starting Terminate Plymouth Boot Screen...
[[0;32m  OK  [0m] Started Hold until boot process finishes up.
[[0;32m  OK  [0m] Started Terminate Plymouth Boot Screen.
[[0;32m  OK  [0m] Started Getty on tty1.
[[0;32m  OK  [0m] Started Serial Getty on ttyS0.
[[0;32m  OK  [0m] Reached target Login Prompts.
         Starting Set console scheme...
[[0;32m  OK  [0m] Started LSB: Set the CPU Frequency Scaling governor to "ondemand".
[[0;32m  OK  [0m] Started LSB: daemon to balance interrupts for SMP systems.
[[0;32m  OK  [0m] Started Authenticate and Authorize Users to Run Privileged Tasks.
[[0;32m  OK  [0m] Started Accounts Service.
[[0;32m  OK  [0m] Started Set console scheme.
[[0;32m  OK  [0m] Started LSB: automatic crash report generation.
[[0;32m  OK  [0m] Started Virtualbox guest utils.
[[0;32m  OK  [0m] Started LXD - container startup/shutdown.
[[0;32m  OK  [0m] Started Snappy daemon.
         Starting Wait until snapd is fully seeded...
[[0;32m  OK  [0m] Started Pollinate to seed the pseudo random number generator.
         Starting OpenBSD Secure Shell server...
[[0;32m  OK  [0m] Started OpenBSD Secure Shell server.
[[0;32m  OK  [0m] Created slice User Slice of vagrant.
         Starting User Manager for UID 1000...
[[0;32m  OK  [0m] Started Session 1 of user vagrant.
[[0;32m  OK  [0m] Started User Manager for UID 1000.
[[0;32m  OK  [0m] Started Wait until snapd is fully seeded.
[[0;32m  OK  [0m] Reached target Multi-User System.
[[0;32m  OK  [0m] Reached target Graphical Interface.
         Starting Update UTMP about System Runlevel Changes...
         Starting Apply the settings specified in cloud-config...
[[0;32m  OK  [0m] Started Update UTMP about System Runlevel Changes.
[   15.213142] cloud-init[1375]: Generating locales (this might take a while)...
[   16.099721] cloud-init[1375]:   en_US.UTF-8... done
[   16.100488] cloud-init[1375]: Generation complete.
[   16.376231] cloud-init[1375]: Cloud-init v. 19.4-33-gbb4131a2-0ubuntu1~16.04.1 running 'modules:config' at Sat, 14 Mar 2020 21:33:11 +0000. Up 15.08 seconds.
[[0;32m  OK  [0m] Started Apply the settings specified in cloud-config.
         Starting Execute cloud user/final scripts...
ci-info: no authorized SSH keys fingerprints found for user ubuntu.
<14>Mar 14 21:33:13 ec2: 
<14>Mar 14 21:33:13 ec2: #############################################################
<14>Mar 14 21:33:13 ec2: -----BEGIN SSH HOST KEY FINGERPRINTS-----
<14>Mar 14 21:33:13 ec2: 1024 SHA256:DYZbl67omeSLJQ3Qd9KQNwD2VxdHAhpOeGeadkBLxvE root@ubuntu-xenial (DSA)
<14>Mar 14 21:33:13 ec2: 256 SHA256:3gibC0Y4rG0/b3qkgnpfTdXsJoCZR0dzXPCSekTgFRA root@ubuntu-xenial (ECDSA)
<14>Mar 14 21:33:13 ec2: 256 SHA256:eMqHKmJSC6S07aDU79zO6a03cfbDRd+In/xjyV9/ACo root@ubuntu-xenial (ED25519)
<14>Mar 14 21:33:13 ec2: 2048 SHA256:5rBwh6mLsW8Cg2it2A4eCwRGZGYjVUOWw/oLg0GXeHw root@ubuntu-xenial (RSA)
<14>Mar 14 21:33:13 ec2: -----END SSH HOST KEY FINGERPRINTS-----
<14>Mar 14 21:33:13 ec2: #############################################################
-----BEGIN SSH HOST KEY KEYS-----
ecdsa-sha2-nistp256 AAAAE2VjZHNhLXNoYTItbmlzdHAyNTYAAAAIbmlzdHAyNTYAAABBBC57aytB6tuPJTGV2IefKMNpo42pLqidJbO/tM2+Xd4yWYEXyGP3CI6mDXyMR7icE9vF1ItKfAH5jGJcBAnq1Ew= root@ubuntu-xenial
ssh-ed25519 AAAAC3NzaC1lZDI1NTE5AAAAIMTc4oiY1iQmItXjotLAKAuPA+UF8OINr89UJuc3AdcA root@ubuntu-xenial
ssh-rsa AAAAB3NzaC1yc2EAAAADAQABAAABAQDh6V3iKymS0afvG2jW8+OB2JdAzdXReBRJfeQ7SVNNUzj6pJ5tGxBD3aFUrtmjEmKjIPfbdzxGyLolWR325+DFaybUBW/hojsCam8Fjlifoc10w6+m5hzaJ/kCwVHwetlsh7AUnA0HkktY0YnGPcgARUeEQEU5GqiwGdduMgN8yEjL0YWn0ZPuCYCO6LMc3bDNVITBsJUCf4oFx9wFoKgcU7yk41Wv8O73AgxxS2D2359kr1k/39k8W23Pd8ZEao56+F5+4ScTZHzSEI69hDpb54vGj2uXmIF53A3iuzuydb/ZEafK4QHOl2l4YvEP7dsLwCHpGIcMBmfJ40kI31hx root@ubuntu-xenial
-----END SSH HOST KEY KEYS-----
[   16.937529] cloud-init[1534]: Cloud-init v. 19.4-33-gbb4131a2-0ubuntu1~16.04.1 running 'modules:final' at Sat, 14 Mar 2020 21:33:13 +0000. Up 16.77 seconds.
[   16.938983] cloud-init[1534]: ci-info: no authorized SSH keys fingerprints found for user ubuntu.
[   16.944450] cloud-init[1534]: Cloud-init v. 19.4-33-gbb4131a2-0ubuntu1~16.04.1 finished at Sat, 14 Mar 2020 21:33:13 +0000. Datasource DataSourceNoCloud [seed=/dev/sdb][dsmode=net].  Up 16.93 seconds
[[0;32m  OK  [0m] Started Execute cloud user/final scripts.
[[0;32m  OK  [0m] Reached target Cloud-init target.

Ubuntu 16.04.6 LTS ubuntu-xenial ttyS0

ubuntu-xenial login: 